c:\users\sunyo_000\onedrive\college\years\4\fall 2018\computer organization and assembly language programming comp 3350\project32_vs2017\debug\project.ilk
c:\users\sunyo_000\onedrive\college\years\4\fall 2018\computer organization and assembly language programming comp 3350\project32_vs2017\debug\project.exe
c:\users\sunyo_000\onedrive\college\years\4\fall 2018\computer organization and assembly language programming comp 3350\project32_vs2017\debug\project.pdb
c:\users\sunyo_000\onedrive\college\years\4\fall 2018\computer organization and assembly language programming comp 3350\project32_vs2017\debug\hw8-2-b_ericlee.obj
c:\users\sunyo_000\onedrive\college\years\4\fall 2018\computer organization and assembly language programming comp 3350\project32_vs2017\debug\ericlee_hw_5.obj
c:\users\sunyo_000\onedrive\college\years\4\fall 2018\computer organization and assembly language programming comp 3350\project32_vs2017\debug\ericlee_hw5_1.obj
c:\users\sunyo_000\onedrive\college\years\4\fall 2018\computer organization and assembly language programming comp 3350\project32_vs2017\debug\ericlee_hw5.obj
c:\users\sunyo_000\onedrive\college\years\4\fall 2018\computer organization and assembly language programming comp 3350\project32_vs2017\debug\ericlee_hw5_2.obj
c:\users\sunyo_000\onedrive\college\years\4\fall 2018\computer organization and assembly language programming comp 3350\project32_vs2017\debug\hw5-2_ericlee.obj
c:\users\sunyo_000\onedrive\college\years\4\fall 2018\computer organization and assembly language programming comp 3350\project32_vs2017\debug\hw6-1_ericlee.obj
c:\users\sunyo_000\onedrive\college\years\4\fall 2018\computer organization and assembly language programming comp 3350\project32_vs2017\debug\hw6-2_ericlee.obj
c:\users\sunyo_000\onedrive\college\years\4\fall 2018\computer organization and assembly language programming comp 3350\project32_vs2017\debug\hw6-3_ericlee.obj
c:\users\sunyo_000\onedrive\college\years\4\fall 2018\computer organization and assembly language programming comp 3350\project32_vs2017\debug\hw6-4_ericlee.obj
c:\users\sunyo_000\onedrive\college\years\4\fall 2018\computer organization and assembly language programming comp 3350\project32_vs2017\debug\hw7-1_ericlee.obj
c:\users\sunyo_000\onedrive\college\years\4\fall 2018\computer organization and assembly language programming comp 3350\project32_vs2017\debug\hw7-2_ericlee.obj
c:\users\sunyo_000\onedrive\college\years\4\fall 2018\computer organization and assembly language programming comp 3350\project32_vs2017\debug\hw7-3-a_ericlee.obj
c:\users\sunyo_000\onedrive\college\years\4\fall 2018\computer organization and assembly language programming comp 3350\project32_vs2017\debug\hw7-3-b_ericlee.obj
c:\users\sunyo_000\onedrive\college\years\4\fall 2018\computer organization and assembly language programming comp 3350\project32_vs2017\debug\hw8-1_ericlee.obj
c:\users\sunyo_000\onedrive\college\years\4\fall 2018\computer organization and assembly language programming comp 3350\project32_vs2017\debug\hw8-2-a_ericlee.obj
c:\users\sunyo_000\onedrive\college\years\4\fall 2018\computer organization and assembly language programming comp 3350\project32_vs2017\debug\vc141.pdb
c:\users\sunyo_000\onedrive\college\years\4\fall 2018\computer organization and assembly language programming comp 3350\project32_vs2017\debug\project.tlog\cl.command.1.tlog
c:\users\sunyo_000\onedrive\college\years\4\fall 2018\computer organization and assembly language programming comp 3350\project32_vs2017\debug\project.tlog\link.command.1.tlog
c:\users\sunyo_000\onedrive\college\years\4\fall 2018\computer organization and assembly language programming comp 3350\project32_vs2017\debug\project.tlog\link.read.1.tlog
c:\users\sunyo_000\onedrive\college\years\4\fall 2018\computer organization and assembly language programming comp 3350\project32_vs2017\debug\project.tlog\link.write.1.tlog
c:\users\sunyo_000\onedrive\college\years\4\fall 2018\computer organization and assembly language programming comp 3350\project32_vs2017\debug\project.tlog\masm.read.1u.tlog
c:\users\sunyo_000\onedrive\college\years\4\fall 2018\computer organization and assembly language programming comp 3350\project32_vs2017\debug\project.tlog\masm.write.1u.tlog
c:\users\sunyo_000\onedrive\college\years\4\fall 2018\computer organization and assembly language programming comp 3350\project32_vs2017\debug\project.tlog\project.write.1u.tlog
